Flow report for Maquina_Bebida
Sat Jun 19 23:10:29 2021
Quartus Prime Version 17.1.0 Build 590 10/25/2017 SJ Lite Edition


---------------------
; Table of Contents ;
---------------------
  1. Legal Notice
  2. Flow Summary
  3. Flow Settings
  4. Flow Non-Default Global Settings
  5. Flow Elapsed Time
  6. Flow OS Summary
  7. Flow Log
  8. Flow Messages
  9. Flow Suppressed Messages



----------------
; Legal Notice ;
----------------
Copyright (C) 2017  Intel Corporation. All rights reserved.
Your use of Intel Corporation's design tools, logic functions 
and other software and tools, and its AMPP partner logic 
functions, and any output files from any of the foregoing 
(including device programming or simulation files), and any 
associated documentation or information are expressly subject 
to the terms and conditions of the Intel Program License 
Subscription Agreement, the Intel Quartus Prime License Agreement,
the Intel FPGA IP License Agreement, or other applicable license
agreement, including, without limitation, that your use is for
the sole purpose of programming logic devices manufactured by
Intel and sold by Intel or its authorized distributors.  Please
refer to the applicable agreement for further details.



+----------------------------------------------------------------------------------+
; Flow Summary                                                                     ;
+------------------------------------+---------------------------------------------+
; Flow Status                        ; Successful - Sat Jun 19 23:10:29 2021       ;
; Quartus Prime Version              ; 17.1.0 Build 590 10/25/2017 SJ Lite Edition ;
; Revision Name                      ; Maquina_Bebida                              ;
; Top-level Entity Name              ; Timer                                       ;
; Family                             ; Cyclone IV E                                ;
; Device                             ; EP4CE115F29C7                               ;
; Timing Models                      ; Final                                       ;
; Total logic elements               ; 47                                          ;
;     Total combinational functions  ; 47                                          ;
;     Dedicated logic registers      ; 32                                          ;
; Total registers                    ; 32                                          ;
; Total pins                         ; 9                                           ;
; Total virtual pins                 ; 0                                           ;
; Total memory bits                  ; 0                                           ;
; Embedded Multiplier 9-bit elements ; 0                                           ;
; Total PLLs                         ; 0                                           ;
+------------------------------------+---------------------------------------------+


+-----------------------------------------+
; Flow Settings                           ;
+-------------------+---------------------+
; Option            ; Setting             ;
+-------------------+---------------------+
; Start date & time ; 06/19/2021 23:08:21 ;
; Main task         ; Compilation         ;
; Revision Name     ; Maquina_Bebida      ;
+-------------------+---------------------+


+------------------------------------------------------------------------------------------------------------------------------+
; Flow Non-Default Global Settings                                                                                             ;
+-------------------------------------+----------------------------------------+----------------+-------------+----------------+
; Assignment Name                     ; Value                                  ; Default Value  ; Entity Name ; Section Id     ;
+-------------------------------------+----------------------------------------+----------------+-------------+----------------+
; COMPILER_SIGNATURE_ID               ; 2543580806459.162414050006844          ; --             ; --          ; --             ;
; EDA_OUTPUT_DATA_FORMAT              ; Vhdl                                   ; --             ; --          ; eda_simulation ;
; EDA_SIMULATION_TOOL                 ; ModelSim-Altera (VHDL)                 ; <None>         ; --          ; --             ;
; EDA_TIME_SCALE                      ; 1 ps                                   ; --             ; --          ; eda_simulation ;
; MAX_CORE_JUNCTION_TEMP              ; 85                                     ; --             ; --          ; --             ;
; MIN_CORE_JUNCTION_TEMP              ; 0                                      ; --             ; --          ; --             ;
; NOMINAL_CORE_SUPPLY_VOLTAGE         ; 1.2V                                   ; --             ; --          ; --             ;
; NUM_PARALLEL_PROCESSORS             ; All                                    ; --             ; --          ; --             ;
; PARTITION_COLOR                     ; -- (Not supported for targeted family) ; --             ; timer       ; Top            ;
; PARTITION_FITTER_PRESERVATION_LEVEL ; -- (Not supported for targeted family) ; --             ; timer       ; Top            ;
; PARTITION_NETLIST_TYPE              ; -- (Not supported for targeted family) ; --             ; timer       ; Top            ;
; POWER_BOARD_THERMAL_MODEL           ; None (CONSERVATIVE)                    ; --             ; --          ; --             ;
; POWER_PRESET_COOLING_SOLUTION       ; 23 MM HEAT SINK WITH 200 LFPM AIRFLOW  ; --             ; --          ; --             ;
; PROJECT_OUTPUT_DIRECTORY            ; output_files                           ; --             ; --          ; --             ;
; TOP_LEVEL_ENTITY                    ; timer                                  ; Maquina_Bebida ; --          ; --             ;
+-------------------------------------+----------------------------------------+----------------+-------------+----------------+


+--------------------------------------------------------------------------------------------------------------------------+
; Flow Elapsed Time                                                                                                        ;
+----------------------+--------------+-------------------------+---------------------+------------------------------------+
; Module Name          ; Elapsed Time ; Average Processors Used ; Peak Virtual Memory ; Total CPU Time (on all processors) ;
+----------------------+--------------+-------------------------+---------------------+------------------------------------+
; Analysis & Synthesis ; 00:00:16     ; 1.0                     ; 4823 MB             ; 00:00:32                           ;
; EDA Netlist Writer   ; 00:00:01     ; 1.0                     ; 4637 MB             ; 00:00:01                           ;
; EDA Netlist Writer   ; 00:00:01     ; 1.0                     ; 4638 MB             ; 00:00:01                           ;
; EDA Netlist Writer   ; 00:00:02     ; 1.0                     ; 4640 MB             ; 00:00:01                           ;
; EDA Netlist Writer   ; 00:00:01     ; 1.0                     ; 4638 MB             ; 00:00:01                           ;
; EDA Netlist Writer   ; 00:00:01     ; 1.0                     ; 4640 MB             ; 00:00:01                           ;
; Total                ; 00:00:22     ; --                      ; --                  ; 00:00:37                           ;
+----------------------+--------------+-------------------------+---------------------+------------------------------------+


+------------------------------------------------------------------------------------+
; Flow OS Summary                                                                    ;
+----------------------+------------------+------------+------------+----------------+
; Module Name          ; Machine Hostname ; OS Name    ; OS Version ; Processor type ;
+----------------------+------------------+------------+------------+----------------+
; Analysis & Synthesis ; PC-Gui-Alves     ; Windows 10 ; 10.0       ; x86_64         ;
; EDA Netlist Writer   ; PC-Gui-Alves     ; Windows 10 ; 10.0       ; x86_64         ;
; EDA Netlist Writer   ; PC-Gui-Alves     ; Windows 10 ; 10.0       ; x86_64         ;
; EDA Netlist Writer   ; PC-Gui-Alves     ; Windows 10 ; 10.0       ; x86_64         ;
; EDA Netlist Writer   ; PC-Gui-Alves     ; Windows 10 ; 10.0       ; x86_64         ;
; EDA Netlist Writer   ; PC-Gui-Alves     ; Windows 10 ; 10.0       ; x86_64         ;
+----------------------+------------------+------------+------------+----------------+


------------
; Flow Log ;
------------
quartus_map --read_settings_files=on --write_settings_files=off Maquina_Bebida -c Maquina_Bebida
quartus_eda --gen_testbench --tool=modelsim_oem --format=vhdl --write_settings_files=off Maquina_Bebida -c Maquina_Bebida --vector_source=C:/LSD/ProjetoFase3/Waveform1.vwf --testbench_file=C:/LSD/ProjetoFase3/simulation/qsim/Waveform1.vwf.vht
quartus_eda --gen_testbench --tool=modelsim_oem --format=vhdl --write_settings_files=off Maquina_Bebida -c Maquina_Bebida --vector_source=C:/LSD/ProjetoFase3/timertest.vwf --testbench_file=C:/LSD/ProjetoFase3/simulation/qsim/timertest.vwf.vht
quartus_eda --write_settings_files=off --simulation=on --functional=on --flatten_buses=off --tool=modelsim_oem --format=vhdl --output_directory=C:/LSD/ProjetoFase3/simulation/qsim/ Maquina_Bebida -c Maquina_Bebida
quartus_eda --gen_testbench --tool=modelsim_oem --format=vhdl --write_settings_files=off Maquina_Bebida -c Maquina_Bebida --vector_source=C:/LSD/ProjetoFase3/timertest.vwf --testbench_file=C:/LSD/ProjetoFase3/simulation/qsim/timertest.vwf.vht
quartus_eda --write_settings_files=off --simulation=on --functional=on --flatten_buses=off --tool=modelsim_oem --format=vhdl --output_directory=C:/LSD/ProjetoFase3/simulation/qsim/ Maquina_Bebida -c Maquina_Bebida



